<?xml version="1.0" encoding="UTF-8"?>
<testsuite xmlns:xsi="http://www.w3.org/2001/XMLSchema-instance" xsi:noNamespaceSchemaLocation="https://maven.apache.org/surefire/maven-surefire-plugin/xsd/surefire-test-report-3.0.xsd" version="3.0" name="org.example.module2.exercises.exercise2.exercise4.PaymentServiceTest" time="0.004" tests="4" errors="0" skipped="0" failures="0">
  <properties>
[...]
</properties>
  <testcase name="testNegativePaymentThrows" classname="org.example.module2.exercises.exercise2.exercise4.PaymentServiceTest" time="0.002"/>
  <testcase name="testValidPaymentMarksPaid" classname="org.example.module2.exercises.exercise2.exercise4.PaymentServiceTest" time="0.001"/>
  <testcase name="testPaymentLessThanAmountMarksFailed" classname="org.example.module2.exercises.exercise2.exercise4.PaymentServiceTest" time="0.0"/>
  <testcase name="testZeroPaymentThrows" classname="org.example.module2.exercises.exercise2.exercise4.PaymentServiceTest" time="0.001"/>
</testsuite>